<?xml version="1.0" encoding="UTF-8"?>
<!-- Generated by org.testng.reporters.JUnitReportReporter -->
<testsuite hostname="TechAviator-PC" name="Day5_session2.Testng_learning2" tests="3" failures="0" timestamp="3 Dec 2017 06:29:35 GMT" time="0.021" errors="0">
  <testcase name="login" time="0.019" classname="Day5_session2.Testng_learning2"/>
  <testcase name="closeapp" time="0.001" classname="Day5_session2.Testng_learning2"/>
  <testcase name="sendmail" time="0.001" classname="Day5_session2.Testng_learning2"/>
</testsuite> <!-- Day5_session2.Testng_learning2 -->
